Solving...
/home/becca/pdkb-planning/pdkb/planners/bfws --domain bdi_extension/belief-intention/pdkb-domain.pddl  --problem bdi_extension/belief-intention/pdkb-problem.pddl --output bdi_extension/belief-intention/pdkb-plan.txt --1-BFWS 1


task contains conditional effects. turning off state domination.

 --- OK.
 Match tree built with 4 nodes.

PDDL problem description loaded: 
	Domain: PIRATES
	Problem: PIRATES
	#Actions: 4
	#Fluents: 15
Goals found: 3
Goals_Edges found: 3
Starting search with 1-BFWS...
--[3 / 0]--
--[3 / 2]--
--[3 / 7]--
--[2 / 0]--
--[2 / 10]--
--[0 / 0]--
--[0 / 3]--
Total time: 4.50007e-05
Nodes generated during search: 6
Nodes expanded during search: 4
Plan found with cost: 4
Fast-BFS search completed in 4.50007e-05 secs
Done!
