Solving...
/home/becca/pdkb-planning/pdkb/planners/bfws --domain bdi_extension/bdi-grapevine/pdkb-domain.pddl  --problem bdi_extension/bdi-grapevine/pdkb-problem.pddl --output bdi_extension/bdi-grapevine/pdkb-plan.txt --1-BFWS 1


task contains conditional effects. turning off state domination.

 --- OK.
 Match tree built with 12 nodes.

PDDL problem description loaded: 
	Domain: GRAPEVINE
	Problem: GRAPEVINE
	#Actions: 12
	#Fluents: 60
Goals found: 1
Goals_Edges found: 1
Starting search with 1-BFWS...
--[1 / 0]--
--[1 / 5]--
--[0 / 0]--
--[0 / 5]--
Total time: 9.89999e-05
Nodes generated during search: 7
Nodes expanded during search: 2
Plan found with cost: 2
Fast-BFS search completed in 9.89999e-05 secs
Done!
